[debug] [2025-10-02T20:21:48.067Z] ----------------------------------------------------------------------
[debug] [2025-10-02T20:21:48.070Z] Command:       C:\Program Files\nodejs\node.exe C:\Users\daves\AppData\Roaming\npm\node_modules\firebase-tools\lib\bin\firebase.js deploy --only hosting
[debug] [2025-10-02T20:21:48.071Z] CLI Version:   14.17.0
[debug] [2025-10-02T20:21:48.071Z] Platform:      win32
[debug] [2025-10-02T20:21:48.071Z] Node Version:  v22.20.0
[debug] [2025-10-02T20:21:48.071Z] Time:          Thu Oct 02 2025 15:21:48 GMT-0500 (Central Daylight Time)
[debug] [2025-10-02T20:21:48.071Z] ----------------------------------------------------------------------
[debug] 
[debug] [2025-10-02T20:21:48.074Z] >>> [apiv2][query] GET https://firebase-public.firebaseio.com/cli.json [none]
[error] 
[error] Error: Not in a Firebase app directory (could not locate firebase.json)
[debug] [2025-10-02T20:21:48.315Z] <<< [apiv2][status] GET https://firebase-public.firebaseio.com/cli.json 200
[debug] [2025-10-02T20:21:48.315Z] <<< [apiv2][body] GET https://firebase-public.firebaseio.com/cli.json {"cloudBuildErrorAfter":1594252800000,"cloudBuildWarnAfter":1590019200000,"defaultNode10After":1594252800000,"minVersion":"3.0.5","node8DeploysDisabledAfter":1613390400000,"node8RuntimeDisabledAfter":1615809600000,"node8WarnAfter":1600128000000}
[debug] [2025-10-02T20:22:13.065Z] ----------------------------------------------------------------------
[debug] [2025-10-02T20:22:13.067Z] Command:       C:\Program Files\nodejs\node.exe C:\Users\daves\AppData\Roaming\npm\node_modules\firebase-tools\lib\bin\firebase.js init hosting
[debug] [2025-10-02T20:22:13.068Z] CLI Version:   14.17.0
[debug] [2025-10-02T20:22:13.068Z] Platform:      win32
[debug] [2025-10-02T20:22:13.068Z] Node Version:  v22.20.0
[debug] [2025-10-02T20:22:13.068Z] Time:          Thu Oct 02 2025 15:22:13 GMT-0500 (Central Daylight Time)
[debug] [2025-10-02T20:22:13.069Z] ----------------------------------------------------------------------
[debug] 
[debug] [2025-10-02T20:22:13.076Z] > command requires scopes: ["email","openid","https://www.googleapis.com/auth/cloudplatformprojects.readonly","https://www.googleapis.com/auth/firebase","https://www.googleapis.com/auth/cloud-platform"]
[debug] [2025-10-02T20:22:13.077Z] > authorizing via signed-in user (davesfx@gmail.com)
[info] 
     ######## #### ########  ######## ########     ###     ######  ########
     ##        ##  ##     ## ##       ##     ##  ##   ##  ##       ##
     ######    ##  ########  ######   ########  #########  ######  ######
     ##        ##  ##    ##  ##       ##     ## ##     ##       ## ##
     ##       #### ##     ## ######## ########  ##     ##  ######  ########

You're about to initialize a Firebase project in this directory:

  c:\Users\daves\Documents\bowling-games

